\BOOKMARK [1][-]{section.1}{\376\377\000L\000o\000g\000i\000c\000,\000\040\000M\000e\000t\000r\000i\000c\000\040\000S\000p\000a\000c\000e\000s\000,\000\040\000a\000n\000d\000\040\000S\000e\000t\000\040\000T\000h\000e\000o\000r\000y}{}% 1
\BOOKMARK [2][-]{subsection.1.1}{\376\377\000M\000e\000t\000r\000i\000c\000\040\000S\000p\000a\000c\000e\000s}{section.1}% 2
\BOOKMARK [1][-]{section.2}{\376\377\000L\000i\000n\000e\000a\000r\000\040\000A\000l\000g\000e\000b\000r\000a}{}% 3
\BOOKMARK [1][-]{section.3}{\376\377\000A\000n\000a\000l\000y\000s\000i\000s}{}% 4
\BOOKMARK [2][-]{subsection.3.1}{\376\377\000S\000e\000q\000u\000e\000n\000c\000e\000s}{section.3}% 5
\BOOKMARK [2][-]{subsection.3.2}{\376\377\000S\000e\000r\000i\000e\000s}{section.3}% 6
\BOOKMARK [2][-]{subsection.3.3}{\376\377\000C\000o\000n\000t\000i\000n\000u\000i\000t\000y}{section.3}% 7
\BOOKMARK [1][-]{section.4}{\376\377\000P\000r\000o\000b\000a\000b\000i\000l\000i\000t\000y}{}% 8
\BOOKMARK [2][-]{subsection.4.1}{\376\377\000A\000x\000i\000o\000m\000s\000\040\000o\000f\000\040\000P\000r\000o\000b\000a\000b\000i\000l\000i\000t\000y}{section.4}% 9
\BOOKMARK [1][-]{section.5}{\376\377\000A\000d\000v\000a\000n\000c\000e\000d\000\040\000R\000i\000s\000k\000\040\000a\000n\000d\000\040\000P\000o\000r\000t\000f\000o\000l\000i\000o\000\040\000M\000a\000n\000a\000g\000e\000m\000e\000n\000t}{}% 10
\BOOKMARK [2][-]{subsection.5.1}{\376\377\000D\000a\000t\000a\000\040\000S\000c\000i\000e\000n\000c\000e}{section.5}% 11
\BOOKMARK [3][-]{subsubsection.5.1.1}{\376\377\000P\000r\000o\000b\000a\000b\000i\000l\000i\000s\000t\000i\000c\000\040\000F\000r\000a\000m\000e\000w\000o\000r\000k}{subsection.5.1}% 12
\BOOKMARK [3][-]{subsubsection.5.1.2}{\376\377\000M\000e\000a\000n\000-\000C\000o\000v\000a\000r\000i\000a\000n\000c\000e\000\040\000F\000r\000a\000m\000e\000w\000o\000r\000k}{subsection.5.1}% 13
\BOOKMARK [3][-]{subsubsection.5.1.3}{\376\377\000L\000i\000n\000e\000a\000r\000\040\000M\000o\000d\000e\000l\000s}{subsection.5.1}% 14
\BOOKMARK [3][-]{subsubsection.5.1.4}{\376\377\000M\000a\000c\000h\000i\000n\000e\000\040\000L\000e\000a\000r\000n\000i\000n\000g}{subsection.5.1}% 15
\BOOKMARK [3][-]{subsubsection.5.1.5}{\376\377\000E\000s\000t\000i\000m\000a\000t\000i\000o\000n}{subsection.5.1}% 16
\BOOKMARK [3][-]{subsubsection.5.1.6}{\376\377\000I\000n\000f\000e\000r\000e\000n\000c\000e}{subsection.5.1}% 17
\BOOKMARK [3][-]{subsubsection.5.1.7}{\376\377\000S\000e\000q\000u\000e\000n\000t\000i\000a\000l\000\040\000D\000e\000c\000i\000s\000i\000o\000n\000s}{subsection.5.1}% 18
\BOOKMARK [2][-]{subsection.5.2}{\376\377\000Q\000u\000a\000n\000t\000i\000a\000t\000i\000v\000e\000\040\000F\000i\000n\000a\000n\000c\000e}{section.5}% 19
\BOOKMARK [3][-]{subsubsection.5.2.1}{\376\377\000F\000i\000n\000a\000n\000c\000i\000a\000l\000\040\000E\000n\000g\000i\000n\000e\000e\000r\000i\000n\000g}{subsection.5.2}% 20
\BOOKMARK [3][-]{subsubsection.5.2.2}{\376\377\000R\000i\000s\000k\000\040\000M\000a\000n\000a\000g\000e\000m\000e\000n\000t}{subsection.5.2}% 21
\BOOKMARK [3][-]{subsubsection.5.2.3}{\376\377\000P\000o\000r\000t\000f\000o\000l\000i\000o\000\040\000M\000a\000n\000a\000g\000e\000m\000e\000n\000t}{subsection.5.2}% 22
